# JRE version: OpenJDK Runtime Environment Temurin-21.0.8+9 (21.0.8+9) (build 21.0.8+9-LTS)
# Java VM: OpenJDK 64-Bit Server VM Temurin-21.0.8+9 (21.0.8+9-LTS, mixed mode, sharing, tiered, compressed oops, compressed class ptrs, parallel gc, windows-amd64)
GC Precious Log:
 CardTable entry size: 512
 CPUs: 4 total, 4 available
 Memory: 4001M
 Large Page Support: Disabled
 NUMA Support: Disabled
 Compressed Oops: Enabled (32-bit)
 Alignments: Space 512K, Generation 512K, Heap 2M
 Heap Min Capacity: 100M
 Heap Initial Capacity: 100M
 Heap Max Capacity: 2G
 Pre-touch: Disabled
 Parallel Workers: 4
Heap:
 PSYoungGen      total 2560K, used 2448K [0x00000000d5580000, 0x00000000d5980000, 0x0000000100000000)
  eden space 2048K, 100% used [0x00000000d5580000,0x00000000d5780000,0x00000000d5780000)
  from space 512K, 78% used [0x00000000d5900000,0x00000000d5964010,0x00000000d5980000)
  to   space 512K, 0% used [0x00000000d5880000,0x00000000d5880000,0x00000000d5900000)
 ParOldGen       total 129024K, used 101896K [0x0000000080000000, 0x0000000087e00000, 0x00000000d5580000)
  object space 129024K, 78% used [0x0000000080000000,0x00000000863822a0,0x0000000087e00000)
 Metaspace       used 85802K, committed 87680K, reserved 1179648K
  class space    used 8549K, committed 9344K, reserved 1048576K
GC Heap History (20 events):
Event: 5696.500 GC heap before
{Heap before GC invocations=2862 (full 5):
 PSYoungGen      total 3584K, used 3559K [0x00000000d5580000, 0x00000000d6480000, 0x0000000100000000)
  eden space 1024K, 99% used [0x00000000d5580000,0x00000000d567ff08,0x00000000d5680000)
  from space 2560K, 99% used [0x00000000d5c00000,0x00000000d5e7a000,0x00000000d5e80000)
  to   space 5632K, 0% used [0x00000000d5680000,0x00000000d5680000,0x00000000d5c00000)
 ParOldGen       total 1390592K, used 1390508K [0x0000000080000000, 0x00000000d4e00000, 0x00000000d5580000)
  object space 1390592K, 99% used [0x0000000080000000,0x00000000d4deb210,0x00000000d4e00000)
 Metaspace       used 86127K, committed 87680K, reserved 1179648K
  class space    used 8638K, committed 9344K, reserved 1048576K
}
Event: 5696.507 GC heap after
{Heap after GC invocations=2862 (full 5):
 PSYoungGen      total 2048K, used 720K [0x00000000d5580000, 0x00000000d5c80000, 0x0000000100000000)
  eden space 1024K, 0% used [0x00000000d5580000,0x00000000d5580000,0x00000000d5680000)
  from space 1024K, 70% used [0x00000000d5680000,0x00000000d5734000,0x00000000d5780000)
  to   space 2560K, 0% used [0x00000000d5a00000,0x00000000d5a00000,0x00000000d5c80000)
 ParOldGen       total 1393152K, used 1392908K [0x0000000080000000, 0x00000000d5080000, 0x00000000d5580000)
  object space 1393152K, 99% used [0x0000000080000000,0x00000000d5043210,0x00000000d5080000)
 Metaspace       used 86127K, committed 87680K, reserved 1179648K
  class space    used 8638K, committed 9344K, reserved 1048576K
}
Event: 5696.513 GC heap before
{Heap before GC invocations=2863 (full 5):
 PSYoungGen      total 2048K, used 1743K [0x00000000d5580000, 0x00000000d5c80000, 0x0000000100000000)
  eden space 1024K, 99% used [0x00000000d5580000,0x00000000d567fff0,0x00000000d5680000)
  from space 1024K, 70% used [0x00000000d5680000,0x00000000d5734000,0x00000000d5780000)
  to   space 2560K, 0% used [0x00000000d5a00000,0x00000000d5a00000,0x00000000d5c80000)
 ParOldGen       total 1393152K, used 1392908K [0x0000000080000000, 0x00000000d5080000, 0x00000000d5580000)
  object space 1393152K, 99% used [0x0000000080000000,0x00000000d5043210,0x00000000d5080000)
 Metaspace       used 86127K, committed 87680K, reserved 1179648K
  class space    used 8638K, committed 9344K, reserved 1048576K
}
Event: 5696.520 GC heap after
{Heap after GC invocations=2863 (full 5):
 PSYoungGen      total 2048K, used 352K [0x00000000d5580000, 0x00000000d5a80000, 0x0000000100000000)
  eden space 1536K, 0% used [0x00000000d5580000,0x00000000d5580000,0x00000000d5700000)
  from space 512K, 68% used [0x00000000d5a00000,0x00000000d5a58000,0x00000000d5a80000)
  to   space 1024K, 0% used [0x00000000d5880000,0x00000000d5880000,0x00000000d5980000)
 ParOldGen       total 1393664K, used 1393572K [0x0000000080000000, 0x00000000d5100000, 0x00000000d5580000)
  object space 1393664K, 99% used [0x0000000080000000,0x00000000d50e9220,0x00000000d5100000)
 Metaspace       used 86127K, committed 87680K, reserved 1179648K
  class space    used 8638K, committed 9344K, reserved 1048576K
}
Event: 5696.528 GC heap before
{Heap before GC invocations=2864 (full 5):
 PSYoungGen      total 2048K, used 1887K [0x00000000d5580000, 0x00000000d5a80000, 0x0000000100000000)
  eden space 1536K, 99% used [0x00000000d5580000,0x00000000d56ffff8,0x00000000d5700000)
  from space 512K, 68% used [0x00000000d5a00000,0x00000000d5a58000,0x00000000d5a80000)
  to   space 1024K, 0% used [0x00000000d5880000,0x00000000d5880000,0x00000000d5980000)
 ParOldGen       total 1393664K, used 1393572K [0x0000000080000000, 0x00000000d5100000, 0x00000000d5580000)
  object space 1393664K, 99% used [0x0000000080000000,0x00000000d50e9220,0x00000000d5100000)
 Metaspace       used 86127K, committed 87680K, reserved 1179648K
  class space    used 8638K, committed 9344K, reserved 1048576K
}
Event: 5696.533 GC heap after
{Heap after GC invocations=2864 (full 5):
 PSYoungGen      total 3072K, used 896K [0x00000000d5580000, 0x00000000d5a80000, 0x0000000100000000)
  eden space 2048K, 0% used [0x00000000d5580000,0x00000000d5580000,0x00000000d5780000)
  from space 1024K, 87% used [0x00000000d5880000,0x00000000d5960000,0x00000000d5980000)
  to   space 1024K, 0% used [0x00000000d5980000,0x00000000d5980000,0x00000000d5a80000)
 ParOldGen       total 1394176K, used 1393884K [0x0000000080000000, 0x00000000d5180000, 0x00000000d5580000)
  object space 1394176K, 99% used [0x0000000080000000,0x00000000d5137220,0x00000000d5180000)
 Metaspace       used 86127K, committed 87680K, reserved 1179648K
  class space    used 8638K, committed 9344K, reserved 1048576K
}
Event: 5696.594 GC heap before
{Heap before GC invocations=2865 (full 5):
 PSYoungGen      total 3072K, used 2944K [0x00000000d5580000, 0x00000000d5a80000, 0x0000000100000000)
  eden space 2048K, 100% used [0x00000000d5580000,0x00000000d5780000,0x00000000d5780000)
  from space 1024K, 87% used [0x00000000d5880000,0x00000000d5960000,0x00000000d5980000)
  to   space 1024K, 0% used [0x00000000d5980000,0x00000000d5980000,0x00000000d5a80000)
 ParOldGen       total 1394176K, used 1393884K [0x0000000080000000, 0x00000000d5180000, 0x00000000d5580000)
  object space 1394176K, 99% used [0x0000000080000000,0x00000000d5137220,0x00000000d5180000)
 Metaspace       used 86127K, committed 87680K, reserved 1179648K
  class space    used 8638K, committed 9344K, reserved 1048576K
}
Event: 5696.600 GC heap after
{Heap after GC invocations=2865 (full 5):
 PSYoungGen      total 2048K, used 995K [0x00000000d5580000, 0x00000000d5e00000, 0x0000000100000000)
  eden space 1024K, 0% used [0x00000000d5580000,0x00000000d5580000,0x00000000d5680000)
  from space 1024K, 97% used [0x00000000d5980000,0x00000000d5a78d60,0x00000000d5a80000)
  to   space 3072K, 0% used [0x00000000d5680000,0x00000000d5680000,0x00000000d5980000)
 ParOldGen       total 1395712K, used 1395524K [0x0000000080000000, 0x00000000d5300000, 0x00000000d5580000)
  object space 1395712K, 99% used [0x0000000080000000,0x00000000d52d1220,0x00000000d5300000)
 Metaspace       used 86127K, committed 87680K, reserved 1179648K
  class space    used 8638K, committed 9344K, reserved 1048576K
}
Event: 5696.605 GC heap before
{Heap before GC invocations=2866 (full 5):
 PSYoungGen      total 2048K, used 2019K [0x00000000d5580000, 0x00000000d5e00000, 0x0000000100000000)
  eden space 1024K, 100% used [0x00000000d5580000,0x00000000d5680000,0x00000000d5680000)
  from space 1024K, 97% used [0x00000000d5980000,0x00000000d5a78d60,0x00000000d5a80000)
  to   space 3072K, 0% used [0x00000000d5680000,0x00000000d5680000,0x00000000d5980000)
 ParOldGen       total 1395712K, used 1395524K [0x0000000080000000, 0x00000000d5300000, 0x00000000d5580000)
  object space 1395712K, 99% used [0x0000000080000000,0x00000000d52d1220,0x00000000d5300000)
 Metaspace       used 86127K, committed 87680K, reserved 1179648K
  class space    used 8638K, committed 9344K, reserved 1048576K
}
Event: 5696.611 GC heap after
{Heap after GC invocations=2866 (full 5):
 PSYoungGen      total 2048K, used 960K [0x00000000d5580000, 0x00000000d5b00000, 0x0000000100000000)
  eden space 1024K, 0% used [0x00000000d5580000,0x00000000d5580000,0x00000000d5680000)
  from space 1024K, 93% used [0x00000000d5680000,0x00000000d5770000,0x00000000d5780000)
  to   space 2048K, 0% used [0x00000000d5900000,0x00000000d5900000,0x00000000d5b00000)
 ParOldGen       total 1396736K, used 1396535K [0x0000000080000000, 0x00000000d5400000, 0x00000000d5580000)
  object space 1396736K, 99% used [0x0000000080000000,0x00000000d53cdf80,0x00000000d5400000)
 Metaspace       used 86127K, committed 87680K, reserved 1179648K
  class space    used 8638K, committed 9344K, reserved 1048576K
}
Event: 5696.621 GC heap before
{Heap before GC invocations=2867 (full 5):
 PSYoungGen      total 2048K, used 1952K [0x00000000d5580000, 0x00000000d5b00000, 0x0000000100000000)
  eden space 1024K, 96% used [0x00000000d5580000,0x00000000d56783d0,0x00000000d5680000)
  from space 1024K, 93% used [0x00000000d5680000,0x00000000d5770000,0x00000000d5780000)
  to   space 2048K, 0% used [0x00000000d5900000,0x00000000d5900000,0x00000000d5b00000)
 ParOldGen       total 1396736K, used 1396535K [0x0000000080000000, 0x00000000d5400000, 0x00000000d5580000)
  object space 1396736K, 99% used [0x0000000080000000,0x00000000d53cdf80,0x00000000d5400000)
 Metaspace       used 86127K, committed 87680K, reserved 1179648K
  class space    used 8638K, committed 9344K, reserved 1048576K
}
Event: 5696.630 GC heap after
{Heap after GC invocations=2867 (full 5):
 PSYoungGen      total 2560K, used 948K [0x00000000d5580000, 0x00000000d5a00000, 0x0000000100000000)
  eden space 1536K, 0% used [0x00000000d5580000,0x00000000d5580000,0x00000000d5700000)
  from space 1024K, 92% used [0x00000000d5900000,0x00000000d59ed000,0x00000000d5a00000)
  to   space 1536K, 0% used [0x00000000d5700000,0x00000000d5700000,0x00000000d5880000)
 ParOldGen       total 1397760K, used 1397463K [0x0000000080000000, 0x00000000d5500000, 0x00000000d5580000)
  object space 1397760K, 99% used [0x0000000080000000,0x00000000d54b5f80,0x00000000d5500000)
 Metaspace       used 86127K, committed 87680K, reserved 1179648K
  class space    used 8638K, committed 9344K, reserved 1048576K
}
Event: 5696.837 GC heap before
{Heap before GC invocations=2868 (full 6):
 PSYoungGen      total 2560K, used 2479K [0x00000000d5580000, 0x00000000d5a00000, 0x0000000100000000)
  eden space 1536K, 99% used [0x00000000d5580000,0x00000000d56feee8,0x00000000d5700000)
  from space 1024K, 92% used [0x00000000d5900000,0x00000000d59ed000,0x00000000d5a00000)
  to   space 1536K, 0% used [0x00000000d5700000,0x00000000d5700000,0x00000000d5880000)
 ParOldGen       total 1397760K, used 1397463K [0x0000000080000000, 0x00000000d5500000, 0x00000000d5580000)
  object space 1397760K, 99% used [0x0000000080000000,0x00000000d54b5f80,0x00000000d5500000)
 Metaspace       used 86127K, committed 87680K, reserved 1179648K
  class space    used 8638K, committed 9344K, reserved 1048576K
}
Event: 5697.927 GC heap after
{Heap after GC invocations=2868 (full 6):
 PSYoungGen      total 3072K, used 0K [0x00000000d5580000, 0x00000000d5a80000, 0x0000000100000000)
  eden space 1536K, 0% used [0x00000000d5580000,0x00000000d5580000,0x00000000d5700000)
  from space 1536K, 0% used [0x00000000d5700000,0x00000000d5700000,0x00000000d5880000)
  to   space 1536K, 0% used [0x00000000d5900000,0x00000000d5900000,0x00000000d5a80000)
 ParOldGen       total 129024K, used 101798K [0x0000000080000000, 0x0000000087e00000, 0x00000000d5580000)
  object space 129024K, 78% used [0x0000000080000000,0x00000000863699e0,0x0000000087e00000)
 Metaspace       used 85802K, committed 87680K, reserved 1179648K
  class space    used 8549K, committed 9344K, reserved 1048576K
}
Event: 5697.936 GC heap before
{Heap before GC invocations=2869 (full 6):
 PSYoungGen      total 3072K, used 1536K [0x00000000d5580000, 0x00000000d5a80000, 0x0000000100000000)
  eden space 1536K, 100% used [0x00000000d5580000,0x00000000d5700000,0x00000000d5700000)
  from space 1536K, 0% used [0x00000000d5700000,0x00000000d5700000,0x00000000d5880000)
  to   space 1536K, 0% used [0x00000000d5900000,0x00000000d5900000,0x00000000d5a80000)
 ParOldGen       total 129024K, used 101798K [0x0000000080000000, 0x0000000087e00000, 0x00000000d5580000)
  object space 129024K, 78% used [0x0000000080000000,0x00000000863699e0,0x0000000087e00000)
 Metaspace       used 85802K, committed 87680K, reserved 1179648K
  class space    used 8549K, committed 9344K, reserved 1048576K
}
Event: 5697.938 GC heap after
{Heap after GC invocations=2869 (full 6):
 PSYoungGen      total 2560K, used 416K [0x00000000d5580000, 0x00000000d5980000, 0x0000000100000000)
  eden space 2048K, 0% used [0x00000000d5580000,0x00000000d5580000,0x00000000d5780000)
  from space 512K, 81% used [0x00000000d5900000,0x00000000d5968000,0x00000000d5980000)
  to   space 1024K, 0% used [0x00000000d5780000,0x00000000d5780000,0x00000000d5880000)
 ParOldGen       total 129024K, used 101798K [0x0000000080000000, 0x0000000087e00000, 0x00000000d5580000)
  object space 129024K, 78% used [0x0000000080000000,0x00000000863699e0,0x0000000087e00000)
 Metaspace       used 85802K, committed 87680K, reserved 1179648K
  class space    used 8549K, committed 9344K, reserved 1048576K
}
Event: 5697.970 GC heap before
{Heap before GC invocations=2870 (full 6):
 PSYoungGen      total 2560K, used 2463K [0x00000000d5580000, 0x00000000d5980000, 0x0000000100000000)
  eden space 2048K, 99% used [0x00000000d5580000,0x00000000d577ffe0,0x00000000d5780000)
  from space 512K, 81% used [0x00000000d5900000,0x00000000d5968000,0x00000000d5980000)
  to   space 1024K, 0% used [0x00000000d5780000,0x00000000d5780000,0x00000000d5880000)
 ParOldGen       total 129024K, used 101798K [0x0000000080000000, 0x0000000087e00000, 0x00000000d5580000)
  object space 129024K, 78% used [0x0000000080000000,0x00000000863699e0,0x0000000087e00000)
 Metaspace       used 85802K, committed 87680K, reserved 1179648K
  class space    used 8549K, committed 9344K, reserved 1048576K
}
Event: 5697.972 GC heap after
{Heap after GC invocations=2870 (full 6):
 PSYoungGen      total 3072K, used 192K [0x00000000d5580000, 0x00000000d5980000, 0x0000000100000000)
  eden space 2048K, 0% used [0x00000000d5580000,0x00000000d5580000,0x00000000d5780000)
  from space 1024K, 18% used [0x00000000d5780000,0x00000000d57b0000,0x00000000d5880000)
  to   space 512K, 0% used [0x00000000d5900000,0x00000000d5900000,0x00000000d5980000)
 ParOldGen       total 129024K, used 101856K [0x0000000080000000, 0x0000000087e00000, 0x00000000d5580000)
  object space 129024K, 78% used [0x0000000080000000,0x00000000863782a0,0x0000000087e00000)
 Metaspace       used 85802K, committed 87680K, reserved 1179648K
  class space    used 8549K, committed 9344K, reserved 1048576K
}
Event: 5697.988 GC heap before
{Heap before GC invocations=2871 (full 6):
 PSYoungGen      total 3072K, used 2240K [0x00000000d5580000, 0x00000000d5980000, 0x0000000100000000)
  eden space 2048K, 100% used [0x00000000d5580000,0x00000000d5780000,0x00000000d5780000)
  from space 1024K, 18% used [0x00000000d5780000,0x00000000d57b0000,0x00000000d5880000)
  to   space 512K, 0% used [0x00000000d5900000,0x00000000d5900000,0x00000000d5980000)
 ParOldGen       total 129024K, used 101856K [0x0000000080000000, 0x0000000087e00000, 0x00000000d5580000)
  object space 129024K, 78% used [0x0000000080000000,0x00000000863782a0,0x0000000087e00000)
 Metaspace       used 85802K, committed 87680K, reserved 1179648K
  class space    used 8549K, committed 9344K, reserved 1048576K
}
Event: 5697.989 GC heap after
{Heap after GC invocations=2871 (full 6):
 PSYoungGen      total 2560K, used 400K [0x00000000d5580000, 0x00000000d5980000, 0x0000000100000000)
  eden space 2048K, 0% used [0x00000000d5580000,0x00000000d5580000,0x00000000d5780000)
  from space 512K, 78% used [0x00000000d5900000,0x00000000d5964010,0x00000000d5980000)
  to   space 512K, 0% used [0x00000000d5880000,0x00000000d5880000,0x00000000d5900000)
 ParOldGen       total 129024K, used 101896K [0x0000000080000000, 0x0000000087e00000, 0x00000000d5580000)
  object space 129024K, 78% used [0x0000000080000000,0x00000000863822a0,0x0000000087e00000)
 Metaspace       used 85802K, committed 87680K, reserved 1179648K
  class space    used 8549K, committed 9344K, reserved 1048576K
}

